<?xml version="1.0" encoding="UTF-8"?>
<!-- Generated by org.testng.reporters.JUnitReportReporter -->
<testsuite hostname="DESKTOP-CV80LVE" failures="0" tests="1" name="Rest.API.Testing.RestAssures_APITesting.SumValidation" time="6.749" errors="0" timestamp="2025-07-12T18:40:17 IST" skipped="0">
  <testcase classname="Rest.API.Testing.RestAssures_APITesting.SumValidation" name="sumOfCourses" time="6.749"/>
</testsuite> <!-- Rest.API.Testing.RestAssures_APITesting.SumValidation -->
