<?xml version="1.0" encoding="UTF-8"?>
<!-- Generated by org.testng.reporters.JUnitReportReporter -->
<testsuite hostname="DESKTOP-CV80LVE" failures="0" tests="1" name="Rest.API.Testing.RestAssures_APITesting.JiraIssueCreator" time="8.981" errors="0" timestamp="2025-07-15T16:39:47 IST" skipped="0">
  <testcase classname="Rest.API.Testing.RestAssures_APITesting.JiraIssueCreator" name="createJiraBugIssue" time="8.981"/>
</testsuite> <!-- Rest.API.Testing.RestAssures_APITesting.JiraIssueCreator -->
